<?xml version="1.0" encoding="UTF-8"?>
<testng-results skipped="0" failed="0" ignored="0" total="1" passed="1">
  <reporter-output>
  </reporter-output>
  <suite name="SmokeTest" duration-ms="6874" started-at="2018-06-24T03:06:06Z" finished-at="2018-06-24T03:06:13Z">
    <groups>
      <group name="cucumber">
        <method signature="AbstractTestNGCucumberTests.feature(cucumber.api.testng.CucumberFeatureWrapper)[pri:0, instance:com.usa.testngrunner.TestNGRunner@146ba0ac]" name="feature" class="cucumber.api.testng.AbstractTestNGCucumberTests"/>
      </group> <!-- cucumber -->
    </groups>
    <test name="Sprint1" duration-ms="6874" started-at="2018-06-24T03:06:06Z" finished-at="2018-06-24T03:06:13Z">
      <class name="com.usa.testngrunner.TestNGRunner">
        <test-method status="PASS" signature="setUpClass()[pri:0, instance:com.usa.testngrunner.TestNGRunner@146ba0ac]" name="setUpClass" is-config="true" duration-ms="178" started-at="2018-06-24T03:06:06Z" finished-at="2018-06-24T03:06:06Z">
          <reporter-output>
          </reporter-output>
        </test-method> <!-- setUpClass -->
        <test-method status="PASS" signature="feature(cucumber.api.testng.CucumberFeatureWrapper)[pri:0, instance:com.usa.testngrunner.TestNGRunner@146ba0ac]" name="feature" duration-ms="6605" started-at="2018-06-24T03:06:06Z" description="Runs Cucumber Feature" data-provider="features" finished-at="2018-06-24T03:06:13Z">
          <params>
            <param index="0">
              <value>
                <![CDATA[User want to visit DisneyWorld]]>
              </value>
            </param>
          </params>
          <reporter-output>
          </reporter-output>
        </test-method> <!-- feature -->
        <test-method status="PASS" signature="tearDownClass()[pri:0, instance:com.usa.testngrunner.TestNGRunner@146ba0ac]" name="tearDownClass" is-config="true" duration-ms="8" started-at="2018-06-24T03:06:13Z" finished-at="2018-06-24T03:06:13Z">
          <reporter-output>
          </reporter-output>
        </test-method> <!-- tearDownClass -->
      </class> <!-- com.usa.testngrunner.TestNGRunner -->
    </test> <!-- Sprint1 -->
  </suite> <!-- SmokeTest -->
</testng-results>
